<?xml version="1.0" encoding="UTF-8"?>
<!-- Generated by org.testng.reporters.JUnitReportReporter -->
<testsuite hostname="DESKTOP-LL2RGL5" failures="0" tests="8" name="com.apach.DataExel" time="45.485" errors="0" timestamp="2021-08-01T20:58:34 IST" skipped="3">
  <testcase classname="com.apach.DataExel" name="test4" time="11.367"/>
  <system-out/>
  <testcase classname="com.apach.DataExel" name="test4" time="9.188"/>
  <system-out/>
  <testcase classname="com.apach.DataExel" name="test4" time="8.698"/>
  <system-out/>
  <testcase classname="com.apach.DataExel" name="test4" time="8.722"/>
  <system-out/>
  <testcase classname="com.apach.DataExel" name="test4" time="7.510"/>
  <system-out/>
  <testcase classname="com.apach.DataExel" name="test3">
    <skipped/>
  </testcase> <!-- test3 -->
  <system-out/>
  <testcase classname="com.apach.DataExel" name="test2">
    <skipped/>
  </testcase> <!-- test2 -->
  <system-out/>
  <testcase classname="com.apach.DataExel" name="test1">
    <skipped/>
  </testcase> <!-- test1 -->
  <system-out/>
</testsuite> <!-- com.apach.DataExel -->
