<?xml version="1.0" encoding="UTF-8"?>
<!-- Generated by org.testng.reporters.JUnitReportReporter -->
<testsuite hostname="DESKTOP-LL2RGL5" failures="0" tests="4" name="com.apach.ReadingExel" time="35.037" errors="0" timestamp="2021-08-11T13:06:18 IST" skipped="3">
  <testcase classname="com.apach.ReadingExel" name="test4" time="35.037"/>
  <system-out/>
  <testcase classname="com.apach.ReadingExel" name="test3">
    <skipped/>
  </testcase> <!-- test3 -->
  <system-out/>
  <testcase classname="com.apach.ReadingExel" name="test2">
    <skipped/>
  </testcase> <!-- test2 -->
  <system-out/>
  <testcase classname="com.apach.ReadingExel" name="test1">
    <skipped/>
  </testcase> <!-- test1 -->
  <system-out/>
</testsuite> <!-- com.apach.ReadingExel -->
